warning: unused import: `std::collections::BTreeSet`
 --> src/node.rs:2:5
  |
2 | use std::collections::BTreeSet;
  |     ^^^^^^^^^^^^^^^^^^^^^^^^^^
  |
  = note: `#[warn(unused_imports)]` on by default

warning: `bonsai-db` (lib) generated 1 warning (run `cargo fix --lib -p bonsai-db` to apply 1 suggestion)
   Compiling bonsai-db v0.1.0 (/Users/sergii/Projects/bonsai-db)
warning: function `setup_test_for_cursor` is never used
  --> src/main.rs:12:4
   |
12 | fn setup_test_for_cursor() -> Result<()> {
   |    ^^^^^^^^^^^^^^^^^^^^^
   |
   = note: `#[warn(dead_code)]` on by default

warning: function `run_basic_cursor_test` is never used
  --> src/main.rs:24:4
   |
24 | fn run_basic_cursor_test() -> Result<()> {
   |    ^^^^^^^^^^^^^^^^^^^^^

warning: function `run_basic_cursor_reverse_test` is never used
  --> src/main.rs:32:4
   |
32 | fn run_basic_cursor_reverse_test() -> Result<()> {
   |    ^^^^^^^^^^^^^^^^^^^^^^^^^^^^^

warning: function `run_cursor_seek` is never used
  --> src/main.rs:63:4
   |
63 | fn run_cursor_seek() -> Result<()> {
   |    ^^^^^^^^^^^^^^^

warning: function `run_get_put_test` is never used
  --> src/main.rs:91:4
   |
91 | fn run_get_put_test() -> Result<()> {
   |    ^^^^^^^^^^^^^^^^

warning: `bonsai-db` (bin "bonsai-db") generated 5 warnings
    Finished `dev` profile [unoptimized + debuginfo] target(s) in 0.17s
     Running `target/debug/bonsai-db`
FREE LIST: FreeList { free: {4096, 7168, 8192, 13312, 14336, 15360, 16384, 17408}, pending_allocated: {}, pending_free: {}, cache: {} }
READING NODE 6144
READING NODE FROM FILE 6144
CACHE:
KEY=6144 VALUE_SIZE=139
GOT OK=true
READING NODE 2048
READING NODE FROM FILE 2048
CACHE:
KEY=6144 VALUE_SIZE=139
KEY=2048 VALUE_SIZE=1016
GOT OK=true
READING NODE 2048
CACHE:
KEY=6144 VALUE_SIZE=139
KEY=2048 VALUE_SIZE=1016
GOT OK=true
READING NODE 5120
READING NODE FROM FILE 5120
CACHE:
KEY=6144 VALUE_SIZE=139
KEY=2048 VALUE_SIZE=1016
KEY=5120 VALUE_SIZE=1016
GOT OK=true
READING NODE 10240
READING NODE FROM FILE 10240
CACHE:
KEY=6144 VALUE_SIZE=139
KEY=2048 VALUE_SIZE=1016
KEY=5120 VALUE_SIZE=1016
KEY=10240 VALUE_SIZE=638
GOT OK=true
READING NODE 11264
READING NODE FROM FILE 11264
CACHE:
KEY=6144 VALUE_SIZE=139
KEY=2048 VALUE_SIZE=1016
KEY=5120 VALUE_SIZE=1016
KEY=11264 VALUE_SIZE=1018
KEY=10240 VALUE_SIZE=638
GOT OK=true
READING NODE 12288
READING NODE FROM FILE 12288
CACHE:
KEY=6144 VALUE_SIZE=139
KEY=12288 VALUE_SIZE=400
KEY=2048 VALUE_SIZE=1016
KEY=5120 VALUE_SIZE=1016
KEY=11264 VALUE_SIZE=1018
KEY=10240 VALUE_SIZE=638
GOT OK=true
READING NODE 3072
READING NODE FROM FILE 3072
CACHE:
KEY=6144 VALUE_SIZE=139
KEY=12288 VALUE_SIZE=400
KEY=2048 VALUE_SIZE=1016
KEY=5120 VALUE_SIZE=1016
KEY=3072 VALUE_SIZE=1000
KEY=11264 VALUE_SIZE=1018
KEY=10240 VALUE_SIZE=638
GOT OK=true
READING NODE 16384
READING NODE FROM FILE 16384
CACHE:
KEY=16384 VALUE_SIZE=139
KEY=6144 VALUE_SIZE=139
KEY=12288 VALUE_SIZE=400
KEY=2048 VALUE_SIZE=1016
KEY=5120 VALUE_SIZE=1016
KEY=3072 VALUE_SIZE=1000
KEY=11264 VALUE_SIZE=1018
KEY=10240 VALUE_SIZE=638
GOT OK=true
READING NODE 4096
READING NODE FROM FILE 4096
CACHE:
KEY=16384 VALUE_SIZE=139
KEY=6144 VALUE_SIZE=139
KEY=12288 VALUE_SIZE=400
KEY=2048 VALUE_SIZE=1016
KEY=5120 VALUE_SIZE=1016
KEY=3072 VALUE_SIZE=1000
KEY=4096 VALUE_SIZE=1016
KEY=11264 VALUE_SIZE=1018
KEY=10240 VALUE_SIZE=638
GOT OK=true
READING NODE 4096
CACHE:
KEY=16384 VALUE_SIZE=139
KEY=6144 VALUE_SIZE=139
KEY=12288 VALUE_SIZE=400
KEY=2048 VALUE_SIZE=1016
KEY=5120 VALUE_SIZE=1016
KEY=3072 VALUE_SIZE=1000
KEY=4096 VALUE_SIZE=1016
KEY=11264 VALUE_SIZE=1018
KEY=10240 VALUE_SIZE=638
GOT OK=true
READING NODE 7168
READING NODE FROM FILE 7168
CACHE:
KEY=16384 VALUE_SIZE=139
KEY=6144 VALUE_SIZE=139
KEY=12288 VALUE_SIZE=400
KEY=2048 VALUE_SIZE=1016
KEY=5120 VALUE_SIZE=1016
KEY=3072 VALUE_SIZE=1000
KEY=4096 VALUE_SIZE=1016
KEY=11264 VALUE_SIZE=1018
KEY=7168 VALUE_SIZE=1000
KEY=10240 VALUE_SIZE=638
GOT OK=true
READING NODE 8192
READING NODE FROM FILE 8192
CACHE:
KEY=16384 VALUE_SIZE=139
KEY=6144 VALUE_SIZE=139
KEY=8192 VALUE_SIZE=1016
KEY=12288 VALUE_SIZE=400
KEY=2048 VALUE_SIZE=1016
KEY=5120 VALUE_SIZE=1016
KEY=3072 VALUE_SIZE=1000
KEY=4096 VALUE_SIZE=1016
KEY=11264 VALUE_SIZE=1018
KEY=7168 VALUE_SIZE=1000
KEY=10240 VALUE_SIZE=638
GOT OK=true
TRAVERSING 1
READING NODE 21504
READING NODE FROM FILE 21504
CACHE:
KEY=16384 VALUE_SIZE=139
KEY=6144 VALUE_SIZE=139
KEY=8192 VALUE_SIZE=1016
KEY=12288 VALUE_SIZE=400
KEY=2048 VALUE_SIZE=1016
KEY=5120 VALUE_SIZE=1016
KEY=3072 VALUE_SIZE=1000
KEY=4096 VALUE_SIZE=1016
KEY=11264 VALUE_SIZE=1018
KEY=7168 VALUE_SIZE=1000
KEY=21504 VALUE_SIZE=139
KEY=10240 VALUE_SIZE=638
GOT OK=true
READING NODE 18432
READING NODE FROM FILE 18432
CACHE:
KEY=16384 VALUE_SIZE=139
KEY=6144 VALUE_SIZE=139
KEY=8192 VALUE_SIZE=1016
KEY=18432 VALUE_SIZE=1016
KEY=12288 VALUE_SIZE=400
KEY=2048 VALUE_SIZE=1016
KEY=5120 VALUE_SIZE=1016
KEY=3072 VALUE_SIZE=1000
KEY=4096 VALUE_SIZE=1016
KEY=11264 VALUE_SIZE=1018
KEY=7168 VALUE_SIZE=1000
KEY=21504 VALUE_SIZE=139
KEY=10240 VALUE_SIZE=638
GOT OK=true
"key0000_0" = "value_0"
"key0000_1" = "value_1"
"key0000_10" = "value_10"
"key0000_100" = "VALUE_100"
"key0000_101" = "VALUE_101"
"key0000_102" = "VALUE_102"
"key0000_103" = "VALUE_103"
"key0000_104" = "VALUE_104"
"key0000_105" = "VALUE_105"
"key0000_106" = "VALUE_106"
"key0000_107" = "VALUE_107"
"key0000_108" = "VALUE_108"
"key0000_109" = "VALUE_109"
"key0000_11" = "value_11"
"key0000_110" = "VALUE_110"
"key0000_111" = "VALUE_111"
"key0000_112" = "VALUE_112"
"key0000_113" = "VALUE_113"
"key0000_114" = "VALUE_114"
"key0000_115" = "VALUE_115"
"key0000_116" = "VALUE_116"
"key0000_117" = "VALUE_117"
"key0000_118" = "VALUE_118"
"key0000_119" = "VALUE_119"
"key0000_12" = "value_12"
"key0000_120" = "VALUE_120"
"key0000_121" = "VALUE_121"
"key0000_122" = "VALUE_122"
"key0000_123" = "VALUE_123"
"key0000_124" = "VALUE_124"
"key0000_125" = "VALUE_125"
"key0000_126" = "VALUE_126"
"key0000_127" = "VALUE_127"
"key0000_128" = "VALUE_128"
"key0000_129" = "VALUE_129"
"key0000_13" = "value_13"
"key0000_130" = "VALUE_130"
"key0000_131" = "VALUE_131"
"key0000_132" = "VALUE_132"
READING NODE 19456
READING NODE FROM FILE 19456
CACHE:
KEY=19456 VALUE_SIZE=1000
KEY=16384 VALUE_SIZE=139
KEY=6144 VALUE_SIZE=139
KEY=8192 VALUE_SIZE=1016
KEY=18432 VALUE_SIZE=1016
KEY=12288 VALUE_SIZE=400
KEY=2048 VALUE_SIZE=1016
KEY=5120 VALUE_SIZE=1016
KEY=3072 VALUE_SIZE=1000
KEY=4096 VALUE_SIZE=1016
KEY=11264 VALUE_SIZE=1018
KEY=7168 VALUE_SIZE=1000
KEY=21504 VALUE_SIZE=139
KEY=10240 VALUE_SIZE=638
GOT OK=true
"key0000_133" = "VALUE_133"
"key0000_134" = "VALUE_134"
"key0000_135" = "VALUE_135"
"key0000_136" = "VALUE_136"
"key0000_137" = "VALUE_137"
"key0000_138" = "VALUE_138"
"key0000_139" = "VALUE_139"
"key0000_14" = "value_14"
"key0000_140" = "VALUE_140"
"key0000_141" = "VALUE_141"
"key0000_142" = "VALUE_142"
"key0000_143" = "VALUE_143"
"key0000_144" = "VALUE_144"
"key0000_145" = "VALUE_145"
"key0000_146" = "VALUE_146"
"key0000_147" = "VALUE_147"
"key0000_148" = "VALUE_148"
"key0000_149" = "VALUE_149"
"key0000_15" = "value_15"
"key0000_150" = "VALUE_150"
"key0000_151" = "VALUE_151"
"key0000_152" = "VALUE_152"
"key0000_153" = "VALUE_153"
"key0000_154" = "VALUE_154"
"key0000_155" = "VALUE_155"
"key0000_156" = "VALUE_156"
"key0000_157" = "VALUE_157"
"key0000_158" = "VALUE_158"
"key0000_159" = "VALUE_159"
"key0000_16" = "value_16"
"key0000_160" = "VALUE_160"
"key0000_161" = "VALUE_161"
"key0000_162" = "VALUE_162"
"key0000_163" = "VALUE_163"
"key0000_164" = "VALUE_164"
"key0000_165" = "VALUE_165"
"key0000_166" = "VALUE_166"
"key0000_167" = "VALUE_167"
READING NODE 20480
READING NODE FROM FILE 20480
CACHE:
KEY=19456 VALUE_SIZE=1000
KEY=16384 VALUE_SIZE=139
KEY=6144 VALUE_SIZE=139
KEY=8192 VALUE_SIZE=1016
KEY=18432 VALUE_SIZE=1016
KEY=12288 VALUE_SIZE=400
KEY=2048 VALUE_SIZE=1016
KEY=5120 VALUE_SIZE=1016
KEY=3072 VALUE_SIZE=1000
KEY=20480 VALUE_SIZE=1016
KEY=4096 VALUE_SIZE=1016
KEY=11264 VALUE_SIZE=1018
KEY=7168 VALUE_SIZE=1000
KEY=21504 VALUE_SIZE=139
KEY=10240 VALUE_SIZE=638
GOT OK=true
"key0000_168" = "VALUE_168"
"key0000_169" = "VALUE_169"
"key0000_17" = "value_17"
"key0000_170" = "VALUE_170"
"key0000_171" = "VALUE_171"
"key0000_172" = "VALUE_172"
"key0000_173" = "VALUE_173"
"key0000_174" = "VALUE_174"
"key0000_175" = "VALUE_175"
"key0000_176" = "VALUE_176"
"key0000_177" = "VALUE_177"
"key0000_178" = "VALUE_178"
"key0000_179" = "VALUE_179"
"key0000_18" = "value_18"
"key0000_180" = "VALUE_180"
"key0000_181" = "VALUE_181"
"key0000_182" = "VALUE_182"
"key0000_183" = "VALUE_183"
"key0000_184" = "VALUE_184"
"key0000_185" = "VALUE_185"
"key0000_186" = "VALUE_186"
"key0000_187" = "VALUE_187"
"key0000_188" = "VALUE_188"
"key0000_189" = "VALUE_189"
"key0000_19" = "value_19"
"key0000_190" = "VALUE_190"
"key0000_191" = "VALUE_191"
"key0000_192" = "VALUE_192"
"key0000_193" = "VALUE_193"
"key0000_194" = "VALUE_194"
"key0000_195" = "VALUE_195"
"key0000_196" = "VALUE_196"
"key0000_197" = "VALUE_197"
"key0000_198" = "VALUE_198"
"key0000_199" = "VALUE_199"
"key0000_2" = "value_2"
"key0000_20" = "value_20"
"key0000_21" = "value_21"
"key0000_22" = "value_22"
READING NODE 13312
READING NODE FROM FILE 13312
CACHE:
KEY=19456 VALUE_SIZE=1000
KEY=16384 VALUE_SIZE=139
KEY=6144 VALUE_SIZE=139
KEY=8192 VALUE_SIZE=1016
KEY=18432 VALUE_SIZE=1016
KEY=12288 VALUE_SIZE=400
KEY=2048 VALUE_SIZE=1016
KEY=5120 VALUE_SIZE=1016
KEY=3072 VALUE_SIZE=1000
KEY=20480 VALUE_SIZE=1016
KEY=4096 VALUE_SIZE=1016
KEY=11264 VALUE_SIZE=1018
KEY=7168 VALUE_SIZE=1000
KEY=21504 VALUE_SIZE=139
KEY=10240 VALUE_SIZE=638
KEY=13312 VALUE_SIZE=638
GOT OK=true
"key0000_23" = "value_23"
"key0000_24" = "value_24"
"key0000_25" = "value_25"
"key0000_26" = "value_26"
"key0000_27" = "value_27"
"key0000_28" = "value_28"
"key0000_29" = "value_29"
"key0000_3" = "value_3"
"key0000_30" = "value_30"
"key0000_31" = "value_31"
"key0000_32" = "value_32"
"key0000_33" = "value_33"
"key0000_34" = "value_34"
"key0000_35" = "value_35"
"key0000_36" = "value_36"
"key0000_37" = "value_37"
"key0000_38" = "value_38"
"key0000_39" = "value_39"
"key0000_4" = "value_4"
"key0000_40" = "value_40"
"key0000_41" = "value_41"
"key0000_42" = "value_42"
"key0000_43" = "value_43"
"key0000_44" = "value_44"
"key0000_45" = "value_45"
"key0000_46" = "value_46"
READING NODE 14336
READING NODE FROM FILE 14336
CACHE:
KEY=19456 VALUE_SIZE=1000
KEY=16384 VALUE_SIZE=139
KEY=6144 VALUE_SIZE=139
KEY=8192 VALUE_SIZE=1016
KEY=18432 VALUE_SIZE=1016
KEY=12288 VALUE_SIZE=400
KEY=2048 VALUE_SIZE=1016
KEY=5120 VALUE_SIZE=1016
KEY=3072 VALUE_SIZE=1000
KEY=20480 VALUE_SIZE=1016
KEY=14336 VALUE_SIZE=1018
KEY=4096 VALUE_SIZE=1016
KEY=11264 VALUE_SIZE=1018
KEY=7168 VALUE_SIZE=1000
KEY=21504 VALUE_SIZE=139
KEY=10240 VALUE_SIZE=638
KEY=13312 VALUE_SIZE=638
GOT OK=true
"key0000_47" = "value_47"
"key0000_48" = "value_48"
"key0000_49" = "value_49"
"key0000_5" = "value_5"
"key0000_50" = "value_50"
"key0000_51" = "value_51"
"key0000_52" = "value_52"
"key0000_53" = "value_53"
"key0000_54" = "value_54"
"key0000_55" = "value_55"
"key0000_56" = "value_56"
"key0000_57" = "value_57"
"key0000_58" = "value_58"
"key0000_59" = "value_59"
"key0000_6" = "value_6"
"key0000_60" = "value_60"
"key0000_61" = "value_61"
"key0000_62" = "value_62"
"key0000_63" = "value_63"
"key0000_64" = "value_64"
"key0000_65" = "value_65"
"key0000_66" = "value_66"
"key0000_67" = "value_67"
"key0000_68" = "value_68"
"key0000_69" = "value_69"
"key0000_7" = "value_7"
"key0000_70" = "value_70"
"key0000_71" = "value_71"
"key0000_72" = "value_72"
"key0000_73" = "value_73"
"key0000_74" = "value_74"
"key0000_75" = "value_75"
"key0000_76" = "value_76"
"key0000_77" = "value_77"
"key0000_78" = "value_78"
"key0000_79" = "value_79"
"key0000_8" = "value_8"
"key0000_80" = "value_80"
"key0000_81" = "value_81"
"key0000_82" = "value_82"
"key0000_83" = "value_83"
"key0000_84" = "value_84"
READING NODE 15360
READING NODE FROM FILE 15360
CACHE:
KEY=19456 VALUE_SIZE=1000
KEY=16384 VALUE_SIZE=139
KEY=6144 VALUE_SIZE=139
KEY=8192 VALUE_SIZE=1016
KEY=18432 VALUE_SIZE=1016
KEY=12288 VALUE_SIZE=400
KEY=2048 VALUE_SIZE=1016
KEY=5120 VALUE_SIZE=1016
KEY=3072 VALUE_SIZE=1000
KEY=20480 VALUE_SIZE=1016
KEY=15360 VALUE_SIZE=400
KEY=14336 VALUE_SIZE=1018
KEY=4096 VALUE_SIZE=1016
KEY=11264 VALUE_SIZE=1018
KEY=7168 VALUE_SIZE=1000
KEY=21504 VALUE_SIZE=139
KEY=10240 VALUE_SIZE=638
KEY=13312 VALUE_SIZE=638
GOT OK=true
"key0000_85" = "value_85"
"key0000_86" = "value_86"
"key0000_87" = "value_87"
"key0000_88" = "value_88"
"key0000_89" = "value_89"
"key0000_9" = "value_9"
"key0000_90" = "value_90"
"key0000_91" = "value_91"
"key0000_92" = "value_92"
"key0000_93" = "value_93"
"key0000_94" = "value_94"
"key0000_95" = "value_95"
"key0000_96" = "value_96"
"key0000_97" = "value_97"
"key0000_98" = "value_98"
"key0000_99" = "value_99"
TRAVERSING 2
READING NODE 21504
CACHE:
KEY=19456 VALUE_SIZE=1000
KEY=16384 VALUE_SIZE=139
KEY=6144 VALUE_SIZE=139
KEY=8192 VALUE_SIZE=1016
KEY=18432 VALUE_SIZE=1016
KEY=12288 VALUE_SIZE=400
KEY=2048 VALUE_SIZE=1016
KEY=5120 VALUE_SIZE=1016
KEY=3072 VALUE_SIZE=1000
KEY=20480 VALUE_SIZE=1016
KEY=15360 VALUE_SIZE=400
KEY=14336 VALUE_SIZE=1018
KEY=4096 VALUE_SIZE=1016
KEY=11264 VALUE_SIZE=1018
KEY=7168 VALUE_SIZE=1000
KEY=21504 VALUE_SIZE=139
KEY=10240 VALUE_SIZE=638
KEY=13312 VALUE_SIZE=638
GOT OK=true
READING NODE 18432
CACHE:
KEY=19456 VALUE_SIZE=1000
KEY=16384 VALUE_SIZE=139
KEY=6144 VALUE_SIZE=139
KEY=8192 VALUE_SIZE=1016
KEY=18432 VALUE_SIZE=1016
KEY=12288 VALUE_SIZE=400
KEY=2048 VALUE_SIZE=1016
KEY=5120 VALUE_SIZE=1016
KEY=3072 VALUE_SIZE=1000
KEY=20480 VALUE_SIZE=1016
KEY=15360 VALUE_SIZE=400
KEY=14336 VALUE_SIZE=1018
KEY=4096 VALUE_SIZE=1016
KEY=11264 VALUE_SIZE=1018
KEY=7168 VALUE_SIZE=1000
KEY=21504 VALUE_SIZE=139
KEY=10240 VALUE_SIZE=638
KEY=13312 VALUE_SIZE=638
GOT OK=true
"key0000_0" = "value_0"
"key0000_1" = "value_1"
"key0000_10" = "value_10"
"key0000_100" = "VALUE_100"
"key0000_101" = "VALUE_101"
"key0000_102" = "VALUE_102"
"key0000_103" = "VALUE_103"
"key0000_104" = "VALUE_104"
"key0000_105" = "VALUE_105"
"key0000_106" = "VALUE_106"
"key0000_107" = "VALUE_107"
"key0000_108" = "VALUE_108"
"key0000_109" = "VALUE_109"
"key0000_11" = "value_11"
"key0000_110" = "VALUE_110"
"key0000_111" = "VALUE_111"
"key0000_112" = "VALUE_112"
"key0000_113" = "VALUE_113"
"key0000_114" = "VALUE_114"
"key0000_115" = "VALUE_115"
"key0000_116" = "VALUE_116"
"key0000_117" = "VALUE_117"
"key0000_118" = "VALUE_118"
"key0000_119" = "VALUE_119"
"key0000_12" = "value_12"
"key0000_120" = "VALUE_120"
"key0000_121" = "VALUE_121"
"key0000_122" = "VALUE_122"
"key0000_123" = "VALUE_123"
"key0000_124" = "VALUE_124"
"key0000_125" = "VALUE_125"
"key0000_126" = "VALUE_126"
"key0000_127" = "VALUE_127"
"key0000_128" = "VALUE_128"
"key0000_129" = "VALUE_129"
"key0000_13" = "value_13"
"key0000_130" = "VALUE_130"
"key0000_131" = "VALUE_131"
"key0000_132" = "VALUE_132"
READING NODE 19456
CACHE:
KEY=19456 VALUE_SIZE=1000
KEY=16384 VALUE_SIZE=139
KEY=6144 VALUE_SIZE=139
KEY=8192 VALUE_SIZE=1016
KEY=18432 VALUE_SIZE=1016
KEY=12288 VALUE_SIZE=400
KEY=2048 VALUE_SIZE=1016
KEY=5120 VALUE_SIZE=1016
KEY=3072 VALUE_SIZE=1000
KEY=20480 VALUE_SIZE=1016
KEY=15360 VALUE_SIZE=400
KEY=14336 VALUE_SIZE=1018
KEY=4096 VALUE_SIZE=1016
KEY=11264 VALUE_SIZE=1018
KEY=7168 VALUE_SIZE=1000
KEY=21504 VALUE_SIZE=139
KEY=10240 VALUE_SIZE=638
KEY=13312 VALUE_SIZE=638
GOT OK=true
"key0000_133" = "VALUE_133"
"key0000_134" = "VALUE_134"
"key0000_135" = "VALUE_135"
"key0000_136" = "VALUE_136"
"key0000_137" = "VALUE_137"
"key0000_138" = "VALUE_138"
"key0000_139" = "VALUE_139"
"key0000_14" = "value_14"
"key0000_140" = "VALUE_140"
"key0000_141" = "VALUE_141"
"key0000_142" = "VALUE_142"
"key0000_143" = "VALUE_143"
"key0000_144" = "VALUE_144"
"key0000_145" = "VALUE_145"
"key0000_146" = "VALUE_146"
"key0000_147" = "VALUE_147"
"key0000_148" = "VALUE_148"
"key0000_149" = "VALUE_149"
"key0000_15" = "value_15"
"key0000_150" = "VALUE_150"
"key0000_151" = "VALUE_151"
"key0000_152" = "VALUE_152"
"key0000_153" = "VALUE_153"
"key0000_154" = "VALUE_154"
"key0000_155" = "VALUE_155"
"key0000_156" = "VALUE_156"
"key0000_157" = "VALUE_157"
"key0000_158" = "VALUE_158"
"key0000_159" = "VALUE_159"
"key0000_16" = "value_16"
"key0000_160" = "VALUE_160"
"key0000_161" = "VALUE_161"
"key0000_162" = "VALUE_162"
"key0000_163" = "VALUE_163"
"key0000_164" = "VALUE_164"
"key0000_165" = "VALUE_165"
"key0000_166" = "VALUE_166"
"key0000_167" = "VALUE_167"
READING NODE 20480
CACHE:
KEY=19456 VALUE_SIZE=1000
KEY=16384 VALUE_SIZE=139
KEY=6144 VALUE_SIZE=139
KEY=8192 VALUE_SIZE=1016
KEY=18432 VALUE_SIZE=1016
KEY=12288 VALUE_SIZE=400
KEY=2048 VALUE_SIZE=1016
KEY=5120 VALUE_SIZE=1016
KEY=3072 VALUE_SIZE=1000
KEY=20480 VALUE_SIZE=1016
KEY=15360 VALUE_SIZE=400
KEY=14336 VALUE_SIZE=1018
KEY=4096 VALUE_SIZE=1016
KEY=11264 VALUE_SIZE=1018
KEY=7168 VALUE_SIZE=1000
KEY=21504 VALUE_SIZE=139
KEY=10240 VALUE_SIZE=638
KEY=13312 VALUE_SIZE=638
GOT OK=true
"key0000_168" = "VALUE_168"
"key0000_169" = "VALUE_169"
"key0000_17" = "value_17"
"key0000_170" = "VALUE_170"
"key0000_171" = "VALUE_171"
"key0000_172" = "VALUE_172"
"key0000_173" = "VALUE_173"
"key0000_174" = "VALUE_174"
"key0000_175" = "VALUE_175"
"key0000_176" = "VALUE_176"
"key0000_177" = "VALUE_177"
"key0000_178" = "VALUE_178"
"key0000_179" = "VALUE_179"
"key0000_18" = "value_18"
"key0000_180" = "VALUE_180"
"key0000_181" = "VALUE_181"
"key0000_182" = "VALUE_182"
"key0000_183" = "VALUE_183"
"key0000_184" = "VALUE_184"
"key0000_185" = "VALUE_185"
"key0000_186" = "VALUE_186"
"key0000_187" = "VALUE_187"
"key0000_188" = "VALUE_188"
"key0000_189" = "VALUE_189"
"key0000_19" = "value_19"
"key0000_190" = "VALUE_190"
"key0000_191" = "VALUE_191"
"key0000_192" = "VALUE_192"
"key0000_193" = "VALUE_193"
"key0000_194" = "VALUE_194"
"key0000_195" = "VALUE_195"
"key0000_196" = "VALUE_196"
"key0000_197" = "VALUE_197"
"key0000_198" = "VALUE_198"
"key0000_199" = "VALUE_199"
"key0000_2" = "value_2"
"key0000_20" = "value_20"
"key0000_21" = "value_21"
"key0000_22" = "value_22"
READING NODE 13312
CACHE:
KEY=19456 VALUE_SIZE=1000
KEY=16384 VALUE_SIZE=139
KEY=6144 VALUE_SIZE=139
KEY=8192 VALUE_SIZE=1016
KEY=18432 VALUE_SIZE=1016
KEY=12288 VALUE_SIZE=400
KEY=2048 VALUE_SIZE=1016
KEY=5120 VALUE_SIZE=1016
KEY=3072 VALUE_SIZE=1000
KEY=20480 VALUE_SIZE=1016
KEY=15360 VALUE_SIZE=400
KEY=14336 VALUE_SIZE=1018
KEY=4096 VALUE_SIZE=1016
KEY=11264 VALUE_SIZE=1018
KEY=7168 VALUE_SIZE=1000
KEY=21504 VALUE_SIZE=139
KEY=10240 VALUE_SIZE=638
KEY=13312 VALUE_SIZE=638
GOT OK=true
"key0000_23" = "value_23"
"key0000_24" = "value_24"
"key0000_25" = "value_25"
"key0000_26" = "value_26"
"key0000_27" = "value_27"
"key0000_28" = "value_28"
"key0000_29" = "value_29"
"key0000_3" = "value_3"
"key0000_30" = "value_30"
"key0000_31" = "value_31"
"key0000_32" = "value_32"
"key0000_33" = "value_33"
"key0000_34" = "value_34"
"key0000_35" = "value_35"
"key0000_36" = "value_36"
"key0000_37" = "value_37"
"key0000_38" = "value_38"
"key0000_39" = "value_39"
"key0000_4" = "value_4"
"key0000_40" = "value_40"
"key0000_41" = "value_41"
"key0000_42" = "value_42"
"key0000_43" = "value_43"
"key0000_44" = "value_44"
"key0000_45" = "value_45"
"key0000_46" = "value_46"
READING NODE 14336
CACHE:
KEY=19456 VALUE_SIZE=1000
KEY=16384 VALUE_SIZE=139
KEY=6144 VALUE_SIZE=139
KEY=8192 VALUE_SIZE=1016
KEY=18432 VALUE_SIZE=1016
KEY=12288 VALUE_SIZE=400
KEY=2048 VALUE_SIZE=1016
KEY=5120 VALUE_SIZE=1016
KEY=3072 VALUE_SIZE=1000
KEY=20480 VALUE_SIZE=1016
KEY=15360 VALUE_SIZE=400
KEY=14336 VALUE_SIZE=1018
KEY=4096 VALUE_SIZE=1016
KEY=11264 VALUE_SIZE=1018
KEY=7168 VALUE_SIZE=1000
KEY=21504 VALUE_SIZE=139
KEY=10240 VALUE_SIZE=638
KEY=13312 VALUE_SIZE=638
GOT OK=true
"key0000_47" = "value_47"
"key0000_48" = "value_48"
"key0000_49" = "value_49"
"key0000_5" = "value_5"
"key0000_50" = "value_50"
"key0000_51" = "value_51"
"key0000_52" = "value_52"
"key0000_53" = "value_53"
"key0000_54" = "value_54"
"key0000_55" = "value_55"
"key0000_56" = "value_56"
"key0000_57" = "value_57"
"key0000_58" = "value_58"
"key0000_59" = "value_59"
"key0000_6" = "value_6"
"key0000_60" = "value_60"
"key0000_61" = "value_61"
"key0000_62" = "value_62"
"key0000_63" = "value_63"
"key0000_64" = "value_64"
"key0000_65" = "value_65"
"key0000_66" = "value_66"
"key0000_67" = "value_67"
"key0000_68" = "value_68"
"key0000_69" = "value_69"
"key0000_7" = "value_7"
"key0000_70" = "value_70"
"key0000_71" = "value_71"
"key0000_72" = "value_72"
"key0000_73" = "value_73"
"key0000_74" = "value_74"
"key0000_75" = "value_75"
"key0000_76" = "value_76"
"key0000_77" = "value_77"
"key0000_78" = "value_78"
"key0000_79" = "value_79"
"key0000_8" = "value_8"
"key0000_80" = "value_80"
"key0000_81" = "value_81"
"key0000_82" = "value_82"
"key0000_83" = "value_83"
"key0000_84" = "value_84"
READING NODE 15360
CACHE:
KEY=19456 VALUE_SIZE=1000
KEY=16384 VALUE_SIZE=139
KEY=6144 VALUE_SIZE=139
KEY=8192 VALUE_SIZE=1016
KEY=18432 VALUE_SIZE=1016
KEY=12288 VALUE_SIZE=400
KEY=2048 VALUE_SIZE=1016
KEY=5120 VALUE_SIZE=1016
KEY=3072 VALUE_SIZE=1000
KEY=20480 VALUE_SIZE=1016
KEY=15360 VALUE_SIZE=400
KEY=14336 VALUE_SIZE=1018
KEY=4096 VALUE_SIZE=1016
KEY=11264 VALUE_SIZE=1018
KEY=7168 VALUE_SIZE=1000
KEY=21504 VALUE_SIZE=139
KEY=10240 VALUE_SIZE=638
KEY=13312 VALUE_SIZE=638
GOT OK=true
"key0000_85" = "value_85"
"key0000_86" = "value_86"
"key0000_87" = "value_87"
"key0000_88" = "value_88"
"key0000_89" = "value_89"
"key0000_9" = "value_9"
"key0000_90" = "value_90"
"key0000_91" = "value_91"
"key0000_92" = "value_92"
"key0000_93" = "value_93"
"key0000_94" = "value_94"
"key0000_95" = "value_95"
"key0000_96" = "value_96"
"key0000_97" = "value_97"
"key0000_98" = "value_98"
"key0000_99" = "value_99"
